<?xml version="1.0" encoding="UTF-8"?>
<testng-results ignored="0" total="1" passed="1" failed="0" skipped="0">
  <reporter-output>
  </reporter-output>
  <suite started-at="2022-10-21T01:27:02 IST" name="Default suite" finished-at="2022-10-21T01:27:36 IST" duration-ms="34029">
    <groups>
    </groups>
    <test started-at="2022-10-21T01:27:02 IST" name="Default test" finished-at="2022-10-21T01:27:36 IST" duration-ms="34029">
      <class name="com.demo.capstoneproj.AutomateRegistration">
        <test-method is-config="true" signature="config()[pri:0, instance:com.demo.capstoneproj.AutomateRegistration@3fb1549b]" started-at="2022-10-21T01:27:02 IST" name="config" finished-at="2022-10-21T01:27:07 IST" duration-ms="5530" status="PASS">
          <reporter-output>
          </reporter-output>
        </test-method> <!-- config -->
        <test-method signature="f()[pri:0, instance:com.demo.capstoneproj.AutomateRegistration@3fb1549b]" started-at="2022-10-21T01:27:07 IST" name="f" finished-at="2022-10-21T01:27:36 IST" duration-ms="28425" status="PASS">
          <reporter-output>
          </reporter-output>
        </test-method> <!-- f -->
        <test-method is-config="true" signature="afterClass()[pri:0, instance:com.demo.capstoneproj.AutomateRegistration@3fb1549b]" started-at="2022-10-21T01:27:36 IST" name="afterClass" finished-at="2022-10-21T01:27:36 IST" duration-ms="1" status="PASS">
          <reporter-output>
          </reporter-output>
        </test-method> <!-- afterClass -->
      </class> <!-- com.demo.capstoneproj.AutomateRegistration -->
    </test> <!-- Default test -->
  </suite> <!-- Default suite -->
</testng-results>
